<?xml version="1.0" encoding="UTF-8"?>
<!-- Generated by org.testng.reporters.JUnitReportReporter -->
<testsuite hostname="DESKTOP-38M9TK5" failures="0" tests="1" name="com.qsp.vtiger.leads.ToCreateALeadTest" time="20.278" errors="0" timestamp="2023-09-28T16:14:40 IST" skipped="0">
  <testcase classname="com.qsp.vtiger.leads.ToCreateALeadTest" name="toCreateALeadAndVerifyTheLeadDetails" time="20.278"/>
</testsuite> <!-- com.qsp.vtiger.leads.ToCreateALeadTest -->
