<?xml version="1.0" encoding="UTF-8"?>
<!-- Generated by org.testng.reporters.JUnitReportReporter -->
<testsuite hostname="DESKTOP-38M9TK5" failures="0" tests="1" name="com.qsp.vtiger.products.CreateProductTest" time="26.298" errors="0" timestamp="2023-09-09T10:27:24 IST" skipped="0">
  <testcase classname="com.qsp.vtiger.products.CreateProductTest" name="createProductAndVerifyProductInformation" time="26.298"/>
</testsuite> <!-- com.qsp.vtiger.products.CreateProductTest -->
