<?xml version="1.0" encoding="UTF-8"?>
<!-- Generated by org.testng.reporters.JUnitReportReporter -->
<testsuite hostname="DESKTOP-38M9TK5" failures="0" tests="1" name="com.qsp.vtiger.leads.ToCreateALeadTest" time="38.605" errors="0" timestamp="2023-09-29T17:35:46 IST" skipped="0">
  <testcase classname="com.qsp.vtiger.leads.ToCreateALeadTest" name="toCreateALeadAndVerifyTheLeadDetails" time="38.605"/>
</testsuite> <!-- com.qsp.vtiger.leads.ToCreateALeadTest -->
