<?xml version="1.0" encoding="UTF-8"?>
<!-- Generated by org.testng.reporters.JUnitReportReporter -->
<testsuite hostname="DESKTOP-38M9TK5" failures="0" tests="1" name="com.qsp.vtiger.products.CreateProductTest" time="27.988" errors="0" timestamp="28 Sep 2023 12:29:47 GMT" skipped="0">
  <testcase classname="com.qsp.vtiger.products.CreateProductTest" name="createProductAndVerifyProductInformation" time="27.988"/>
</testsuite> <!-- com.qsp.vtiger.products.CreateProductTest -->
